<?xml version="1.0" encoding="UTF-8"?>
<!-- Generated by org.testng.reporters.JUnitReportReporter -->
<testsuite hostname="DESKTOP-FHEOHAQ" failures="0" tests="1" name="Interview_Program.countTheWords" time="0.014" errors="0" timestamp="2023-07-11T17:29:18 IST" skipped="0">
  <testcase classname="Interview_Program.countTheWords" name="mainn" time="0.014"/>
  <system-out/>
</testsuite> <!-- Interview_Program.countTheWords -->
